2021-12-06 19:38:51,365:calculator.main:Add: 70.000000 + 48.000000 = 118.000000
2021-12-06 19:38:51,366:calculator.main:Add: 29.000000 + 61.000000 = 90.000000
2021-12-06 19:38:51,367:calculator.main:Add: 84.000000 + 25.000000 = 109.000000
2021-12-06 19:38:51,367:calculator.main:Add: 38.000000 + 53.000000 = 91.000000
2021-12-06 19:38:51,367:calculator.main:Add: 28.000000 + 11.000000 = 39.000000
2021-12-06 19:38:51,368:calculator.main:Add: 38.000000 + 0.000000 = 38.000000
2021-12-06 19:38:51,371:calculator.main:Subtract: 70.000000 - 48.000000 = 22.000000
2021-12-06 19:38:51,371:calculator.main:Subtract: 29.000000 - 61.000000 = -32.000000
2021-12-06 19:38:51,372:calculator.main:Subtract: 84.000000 - 25.000000 = 59.000000
2021-12-06 19:38:51,372:calculator.main:Subtract: 38.000000 - 53.000000 = -15.000000
2021-12-06 19:38:51,372:calculator.main:Subtract: 28.000000 - 11.000000 = 17.000000
2021-12-06 19:38:51,373:calculator.main:Subtract: 38.000000 - 0.000000 = 38.000000
2021-12-06 19:38:51,376:calculator.main:Multiply: 70.000000 * 48.000000 = 3360.000000
2021-12-06 19:38:51,376:calculator.main:Multiply: 29.000000 * 61.000000 = 1769.000000
2021-12-06 19:38:51,376:calculator.main:Multiply: 84.000000 * 25.000000 = 2100.000000
2021-12-06 19:38:51,377:calculator.main:Multiply: 38.000000 * 53.000000 = 2014.000000
2021-12-06 19:38:51,377:calculator.main:Multiply: 28.000000 * 11.000000 = 308.000000
2021-12-06 19:38:51,377:calculator.main:Multiply: 38.000000 * 0.000000 = 0.000000
2021-12-06 19:38:51,380:calculator.main:Divide: 70.000000 / 48.000000 = 1.458000
2021-12-06 19:38:51,380:calculator.main:Divide: 29.000000 / 61.000000 = 0.475000
2021-12-06 19:38:51,381:calculator.main:Divide: 84.000000 / 25.000000 = 3.360000
2021-12-06 19:38:51,381:calculator.main:Divide: 38.000000 / 53.000000 = 0.717000
2021-12-06 19:38:51,381:calculator.main:Divide: 28.000000 / 11.000000 = 2.545000
2021-12-06 19:38:51,382:calculator.main:float division by zero
ZeroDivisionError: float division by zero
